<?xml version="1.0" encoding="UTF-8"?>
<robot generator="Robot 6.1.1 (Python 3.11.6 on win32)" generated="20231031 00:19:02.706" rpa="false" schemaversion="4">
<suite id="s1" name="searchFlightNumber" source="C:\Users\puguh\Sanber50-MobileAutomation-Kelompok-6--1\suites\searchFlightNumber\searchFlightNumber.robot">
<test id="s1-t1" name="Verify Search Flight Number Successfully - Valid Flight Number" line="12">
<kw name="Verify Login Successfully" library="searchPage">
<kw name="Open Flight Application" library="base">
<kw name="Open Application" library="AppiumLibrary">
<arg>http://127.0.0.1:4723/wd/hub</arg>
<arg>platformName=Android</arg>
<arg>deviceName=emulator-5554</arg>
<arg>platformVersion=12.0</arg>
<arg>automationName=UiAutomator2</arg>
<arg>appPackage=com.example.myapplication</arg>
<arg>appActivity=com.example.myapplication.MainActivity</arg>
<doc>Opens a new application to given Appium server.
Capabilities of appium server, Android and iOS,
Please check https://github.com/appium/appium/blob/master/docs/en/writing-running-appium/server-args.md
| *Option*            | *Man.* | *Description*     |
| remote_url          | Yes    | Appium server url |
| alias               | no     | alias             |
| strict_ssl          | No     | allows you to send commands to an invalid certificate host like a self-signed one. |</doc>
<status status="PASS" starttime="20231031 00:19:03.018" endtime="20231031 00:19:13.125"/>
</kw>
<status status="PASS" starttime="20231031 00:19:03.018" endtime="20231031 00:19:13.125"/>
</kw>
<kw name="Verify Homepage Appears" library="homePage">
<kw name="Wait Until Element Is Visible" library="AppiumLibrary">
<arg>${appLogo}</arg>
<doc>Waits until element specified with `locator` is visible.</doc>
<msg timestamp="20231031 00:19:13.962" level="INFO">xpath criteria: //android.widget.ImageView[@resource-id="com.example.myapplication:id/imageView4"]</msg>
<status status="PASS" starttime="20231031 00:19:13.125" endtime="20231031 00:19:13.962"/>
</kw>
<kw name="Wait Until Element Is Visible" library="AppiumLibrary">
<arg>${signInButton}</arg>
<doc>Waits until element specified with `locator` is visible.</doc>
<msg timestamp="20231031 00:19:14.058" level="INFO">xpath criteria: //android.widget.Button[@resource-id="com.example.myapplication:id/login"]</msg>
<status status="PASS" starttime="20231031 00:19:13.962" endtime="20231031 00:19:14.058"/>
</kw>
<kw name="Wait Until Element Is Visible" library="AppiumLibrary">
<arg>${searchButton}</arg>
<doc>Waits until element specified with `locator` is visible.</doc>
<msg timestamp="20231031 00:19:14.154" level="INFO">xpath criteria: //android.widget.Button[@resource-id="com.example.myapplication:id/button6" and @text="Search"]</msg>
<status status="PASS" starttime="20231031 00:19:14.059" endtime="20231031 00:19:14.155"/>
</kw>
<kw name="Wait Until Element Is Visible" library="AppiumLibrary">
<arg>${checkInButton}</arg>
<doc>Waits until element specified with `locator` is visible.</doc>
<msg timestamp="20231031 00:19:14.258" level="INFO">xpath criteria: //android.widget.Button[@resource-id="com.example.myapplication:id/button6" and @text="Check in"]</msg>
<status status="PASS" starttime="20231031 00:19:14.155" endtime="20231031 00:19:14.258"/>
</kw>
<status status="PASS" starttime="20231031 00:19:13.125" endtime="20231031 00:19:14.258"/>
</kw>
<kw name="Click Sign In on Homepage" library="homePage">
<kw name="Click Element" library="AppiumLibrary">
<arg>${signInButton}</arg>
<doc>Click element identified by `locator`.</doc>
<msg timestamp="20231031 00:19:14.261" level="INFO">Clicking element '//android.widget.Button[@resource-id="com.example.myapplication:id/login"]'.</msg>
<msg timestamp="20231031 00:19:14.405" level="INFO">xpath criteria: //android.widget.Button[@resource-id="com.example.myapplication:id/login"]</msg>
<status status="PASS" starttime="20231031 00:19:14.258" endtime="20231031 00:19:14.405"/>
</kw>
<status status="PASS" starttime="20231031 00:19:14.258" endtime="20231031 00:19:14.406"/>
</kw>
<kw name="Verify Sign In Page Appears" library="signInPage">
<kw name="Wait Until Element Is Visible" library="AppiumLibrary">
<arg>${appLogo2}</arg>
<doc>Waits until element specified with `locator` is visible.</doc>
<msg timestamp="20231031 00:19:15.481" level="INFO">xpath criteria: //android.widget.ImageView[@resource-id="com.example.myapplication:id/imageView3"]
xpath criteria: //android.widget.ImageView[@resource-id="com.example.myapplication:id/imageView3"]</msg>
<status status="PASS" starttime="20231031 00:19:14.406" endtime="20231031 00:19:15.481"/>
</kw>
<kw name="Wait Until Element Is Visible" library="AppiumLibrary">
<arg>${signInButton2}</arg>
<doc>Waits until element specified with `locator` is visible.</doc>
<msg timestamp="20231031 00:19:15.567" level="INFO">xpath criteria: //android.widget.Button[@resource-id="com.example.myapplication:id/signIn"]</msg>
<status status="PASS" starttime="20231031 00:19:15.481" endtime="20231031 00:19:15.568"/>
</kw>
<kw name="Wait Until Element Is Visible" library="AppiumLibrary">
<arg>${userNameField}</arg>
<doc>Waits until element specified with `locator` is visible.</doc>
<msg timestamp="20231031 00:19:15.646" level="INFO">xpath criteria: //android.widget.EditText[@resource-id="com.example.myapplication:id/username"]</msg>
<status status="PASS" starttime="20231031 00:19:15.568" endtime="20231031 00:19:15.646"/>
</kw>
<kw name="Wait Until Element Is Visible" library="AppiumLibrary">
<arg>${passwordField}</arg>
<doc>Waits until element specified with `locator` is visible.</doc>
<msg timestamp="20231031 00:19:15.742" level="INFO">xpath criteria: //android.widget.EditText[@resource-id="com.example.myapplication:id/password"]</msg>
<status status="PASS" starttime="20231031 00:19:15.646" endtime="20231031 00:19:15.742"/>
</kw>
<status status="PASS" starttime="20231031 00:19:14.406" endtime="20231031 00:19:15.742"/>
</kw>
<kw name="Input Valid User Name" library="signInPage">
<kw name="Input Text" library="AppiumLibrary">
<arg>${userNameField}</arg>
<arg>support@ngendigital.com</arg>
<doc>Types the given `text` into text field identified by `locator`.</doc>
<msg timestamp="20231031 00:19:15.744" level="INFO">Typing text 'support@ngendigital.com' into text field '//android.widget.EditText[@resource-id="com.example.myapplication:id/username"]'</msg>
<msg timestamp="20231031 00:19:15.841" level="INFO">xpath criteria: //android.widget.EditText[@resource-id="com.example.myapplication:id/username"]</msg>
<status status="PASS" starttime="20231031 00:19:15.742" endtime="20231031 00:19:15.841"/>
</kw>
<status status="PASS" starttime="20231031 00:19:15.742" endtime="20231031 00:19:15.841"/>
</kw>
<kw name="Input Valid Password" library="signInPage">
<kw name="Input Password" library="AppiumLibrary">
<arg>${passwordField}</arg>
<arg>abc123</arg>
<doc>Types the given password into text field identified by `locator`.</doc>
<msg timestamp="20231031 00:19:15.843" level="INFO">Typing password into text field '//android.widget.EditText[@resource-id="com.example.myapplication:id/password"]'</msg>
<msg timestamp="20231031 00:19:16.413" level="INFO">xpath criteria: //android.widget.EditText[@resource-id="com.example.myapplication:id/password"]</msg>
<status status="PASS" starttime="20231031 00:19:15.841" endtime="20231031 00:19:16.413"/>
</kw>
<status status="PASS" starttime="20231031 00:19:15.841" endtime="20231031 00:19:16.413"/>
</kw>
<kw name="Click Sign In Button" library="signInPage">
<kw name="Click Element" library="AppiumLibrary">
<arg>${signInButton2}</arg>
<doc>Click element identified by `locator`.</doc>
<msg timestamp="20231031 00:19:16.415" level="INFO">Clicking element '//android.widget.Button[@resource-id="com.example.myapplication:id/signIn"]'.</msg>
<msg timestamp="20231031 00:19:17.016" level="INFO">xpath criteria: //android.widget.Button[@resource-id="com.example.myapplication:id/signIn"]</msg>
<status status="PASS" starttime="20231031 00:19:16.413" endtime="20231031 00:19:17.016"/>
</kw>
<status status="PASS" starttime="20231031 00:19:16.413" endtime="20231031 00:19:17.017"/>
</kw>
<kw name="Verify Dashboard Page Appears" library="dashboardPage">
<kw name="Wait Until Element Is Visible" library="AppiumLibrary">
<arg>${userName}</arg>
<doc>Waits until element specified with `locator` is visible.</doc>
<msg timestamp="20231031 00:19:17.720" level="INFO">xpath criteria: //android.widget.TextView[@resource-id="com.example.myapplication:id/textView"]
xpath criteria: //android.widget.TextView[@resource-id="com.example.myapplication:id/textView"]</msg>
<status status="PASS" starttime="20231031 00:19:17.018" endtime="20231031 00:19:17.720"/>
</kw>
<kw name="Wait Until Element Is Visible" library="AppiumLibrary">
<arg>${signOutButton}</arg>
<doc>Waits until element specified with `locator` is visible.</doc>
<msg timestamp="20231031 00:19:17.802" level="INFO">xpath criteria: //android.widget.Button[@resource-id="com.example.myapplication:id/login"]</msg>
<status status="PASS" starttime="20231031 00:19:17.720" endtime="20231031 00:19:17.802"/>
</kw>
<kw name="Element Text Should Be" library="AppiumLibrary">
<arg>${signOutButton}</arg>
<arg>Sign Out</arg>
<doc>Verifies element identified by ``locator`` exactly contains text ``expected``.</doc>
<msg timestamp="20231031 00:19:17.804" level="INFO">Verifying element '//android.widget.Button[@resource-id="com.example.myapplication:id/login"]' contains exactly text 'Sign Out'.</msg>
<msg timestamp="20231031 00:19:17.867" level="INFO">xpath criteria: //android.widget.Button[@resource-id="com.example.myapplication:id/login"]</msg>
<status status="PASS" starttime="20231031 00:19:17.802" endtime="20231031 00:19:17.867"/>
</kw>
<status status="PASS" starttime="20231031 00:19:17.017" endtime="20231031 00:19:17.867"/>
</kw>
<status status="PASS" starttime="20231031 00:19:03.017" endtime="20231031 00:19:17.867"/>
</kw>
<kw name="Click Search Flight Number">
<kw name="Click Element" library="AppiumLibrary">
<arg>//android.widget.Button[@resource-id="com.example.myapplication:id/search_flight"]</arg>
<doc>Click element identified by `locator`.</doc>
<msg timestamp="20231031 00:19:17.870" level="INFO">Clicking element '//android.widget.Button[@resource-id="com.example.myapplication:id/search_flight"]'.</msg>
<msg timestamp="20231031 00:19:17.974" level="INFO">xpath criteria: //android.widget.Button[@resource-id="com.example.myapplication:id/search_flight"]</msg>
<status status="PASS" starttime="20231031 00:19:17.868" endtime="20231031 00:19:17.974"/>
</kw>
<status status="PASS" starttime="20231031 00:19:17.868" endtime="20231031 00:19:17.974"/>
</kw>
<kw name="Verify Search Page Appears" library="searchPage">
<kw name="Wait Until Element Is Visible" library="AppiumLibrary">
<arg>${flightNumberTitleField}</arg>
<doc>Waits until element specified with `locator` is visible.</doc>
<msg timestamp="20231031 00:19:19.003" level="INFO">xpath criteria: //android.widget.TextView[@resource-id="com.example.myapplication:id/enterFlight"]
xpath criteria: //android.widget.TextView[@resource-id="com.example.myapplication:id/enterFlight"]</msg>
<status status="PASS" starttime="20231031 00:19:17.975" endtime="20231031 00:19:19.003"/>
</kw>
<kw name="Wait Until Element Is Visible" library="AppiumLibrary">
<arg>${enterFlightNumberField}</arg>
<doc>Waits until element specified with `locator` is visible.</doc>
<msg timestamp="20231031 00:19:19.057" level="INFO">xpath criteria: //android.widget.EditText[@resource-id="com.example.myapplication:id/flight_number"]</msg>
<status status="PASS" starttime="20231031 00:19:19.003" endtime="20231031 00:19:19.058"/>
</kw>
<kw name="Wait Until Element Is Visible" library="AppiumLibrary">
<arg>${searchFlightButton2}</arg>
<doc>Waits until element specified with `locator` is visible.</doc>
<msg timestamp="20231031 00:19:19.116" level="INFO">xpath criteria: //android.widget.Button[@resource-id="com.example.myapplication:id/searchFlight"]</msg>
<status status="PASS" starttime="20231031 00:19:19.058" endtime="20231031 00:19:19.116"/>
</kw>
<status status="PASS" starttime="20231031 00:19:17.975" endtime="20231031 00:19:19.116"/>
</kw>
<kw name="Input Valid Flight Number" library="searchPage">
<kw name="Input Text" library="AppiumLibrary">
<arg>${enterFlightNumberField}</arg>
<arg>DA935</arg>
<doc>Types the given `text` into text field identified by `locator`.</doc>
<msg timestamp="20231031 00:19:19.119" level="INFO">Typing text 'DA935' into text field '//android.widget.EditText[@resource-id="com.example.myapplication:id/flight_number"]'</msg>
<msg timestamp="20231031 00:19:19.232" level="INFO">xpath criteria: //android.widget.EditText[@resource-id="com.example.myapplication:id/flight_number"]</msg>
<status status="PASS" starttime="20231031 00:19:19.117" endtime="20231031 00:19:19.232"/>
</kw>
<status status="PASS" starttime="20231031 00:19:19.116" endtime="20231031 00:19:19.232"/>
</kw>
<kw name="Click Search Flight Number Button" library="searchPage">
<kw name="Click Element" library="AppiumLibrary">
<arg>${searchFlightButton2}</arg>
<doc>Click element identified by `locator`.</doc>
<msg timestamp="20231031 00:19:19.237" level="INFO">Clicking element '//android.widget.Button[@resource-id="com.example.myapplication:id/searchFlight"]'.</msg>
<msg timestamp="20231031 00:19:19.791" level="INFO">xpath criteria: //android.widget.Button[@resource-id="com.example.myapplication:id/searchFlight"]</msg>
<status status="PASS" starttime="20231031 00:19:19.234" endtime="20231031 00:19:19.791"/>
</kw>
<status status="PASS" starttime="20231031 00:19:19.234" endtime="20231031 00:19:19.791"/>
</kw>
<kw name="Verify Flight Number Appears" library="searchPage">
<kw name="Wait Until Element Is Visible" library="AppiumLibrary">
<arg>${flightNumber}</arg>
<doc>Waits until element specified with `locator` is visible.</doc>
<msg timestamp="20231031 00:19:20.505" level="INFO">xpath criteria: //android.widget.TextView[@text="DA 935"]
xpath criteria: //android.widget.TextView[@text="DA 935"]</msg>
<status status="PASS" starttime="20231031 00:19:19.791" endtime="20231031 00:19:20.505"/>
</kw>
<status status="PASS" starttime="20231031 00:19:19.791" endtime="20231031 00:19:20.505"/>
</kw>
<kw name="Close Application" library="AppiumLibrary">
<doc>Closes the current application and also close webdriver session.</doc>
<status status="PASS" starttime="20231031 00:19:20.506" endtime="20231031 00:19:21.018"/>
</kw>
<status status="PASS" starttime="20231031 00:19:03.017" endtime="20231031 00:19:21.018"/>
</test>
<test id="s1-t2" name="Verify Failed Search Flight Number - Invalid Flight Number" line="21">
<kw name="Verify Login Successfully" library="searchPage">
<kw name="Open Flight Application" library="base">
<kw name="Open Application" library="AppiumLibrary">
<arg>http://127.0.0.1:4723/wd/hub</arg>
<arg>platformName=Android</arg>
<arg>deviceName=emulator-5554</arg>
<arg>platformVersion=12.0</arg>
<arg>automationName=UiAutomator2</arg>
<arg>appPackage=com.example.myapplication</arg>
<arg>appActivity=com.example.myapplication.MainActivity</arg>
<doc>Opens a new application to given Appium server.
Capabilities of appium server, Android and iOS,
Please check https://github.com/appium/appium/blob/master/docs/en/writing-running-appium/server-args.md
| *Option*            | *Man.* | *Description*     |
| remote_url          | Yes    | Appium server url |
| alias               | no     | alias             |
| strict_ssl          | No     | allows you to send commands to an invalid certificate host like a self-signed one. |</doc>
<status status="PASS" starttime="20231031 00:19:21.020" endtime="20231031 00:19:30.708"/>
</kw>
<status status="PASS" starttime="20231031 00:19:21.020" endtime="20231031 00:19:30.708"/>
</kw>
<kw name="Verify Homepage Appears" library="homePage">
<kw name="Wait Until Element Is Visible" library="AppiumLibrary">
<arg>${appLogo}</arg>
<doc>Waits until element specified with `locator` is visible.</doc>
<msg timestamp="20231031 00:19:31.727" level="INFO">xpath criteria: //android.widget.ImageView[@resource-id="com.example.myapplication:id/imageView4"]</msg>
<status status="PASS" starttime="20231031 00:19:30.708" endtime="20231031 00:19:31.728"/>
</kw>
<kw name="Wait Until Element Is Visible" library="AppiumLibrary">
<arg>${signInButton}</arg>
<doc>Waits until element specified with `locator` is visible.</doc>
<msg timestamp="20231031 00:19:31.811" level="INFO">xpath criteria: //android.widget.Button[@resource-id="com.example.myapplication:id/login"]</msg>
<status status="PASS" starttime="20231031 00:19:31.728" endtime="20231031 00:19:31.811"/>
</kw>
<kw name="Wait Until Element Is Visible" library="AppiumLibrary">
<arg>${searchButton}</arg>
<doc>Waits until element specified with `locator` is visible.</doc>
<msg timestamp="20231031 00:19:31.900" level="INFO">xpath criteria: //android.widget.Button[@resource-id="com.example.myapplication:id/button6" and @text="Search"]</msg>
<status status="PASS" starttime="20231031 00:19:31.812" endtime="20231031 00:19:31.901"/>
</kw>
<kw name="Wait Until Element Is Visible" library="AppiumLibrary">
<arg>${checkInButton}</arg>
<doc>Waits until element specified with `locator` is visible.</doc>
<msg timestamp="20231031 00:19:31.999" level="INFO">xpath criteria: //android.widget.Button[@resource-id="com.example.myapplication:id/button6" and @text="Check in"]</msg>
<status status="PASS" starttime="20231031 00:19:31.901" endtime="20231031 00:19:31.999"/>
</kw>
<status status="PASS" starttime="20231031 00:19:30.708" endtime="20231031 00:19:31.999"/>
</kw>
<kw name="Click Sign In on Homepage" library="homePage">
<kw name="Click Element" library="AppiumLibrary">
<arg>${signInButton}</arg>
<doc>Click element identified by `locator`.</doc>
<msg timestamp="20231031 00:19:32.002" level="INFO">Clicking element '//android.widget.Button[@resource-id="com.example.myapplication:id/login"]'.</msg>
<msg timestamp="20231031 00:19:32.124" level="INFO">xpath criteria: //android.widget.Button[@resource-id="com.example.myapplication:id/login"]</msg>
<status status="PASS" starttime="20231031 00:19:32.000" endtime="20231031 00:19:32.124"/>
</kw>
<status status="PASS" starttime="20231031 00:19:32.000" endtime="20231031 00:19:32.124"/>
</kw>
<kw name="Verify Sign In Page Appears" library="signInPage">
<kw name="Wait Until Element Is Visible" library="AppiumLibrary">
<arg>${appLogo2}</arg>
<doc>Waits until element specified with `locator` is visible.</doc>
<msg timestamp="20231031 00:19:32.891" level="INFO">xpath criteria: //android.widget.ImageView[@resource-id="com.example.myapplication:id/imageView3"]
xpath criteria: //android.widget.ImageView[@resource-id="com.example.myapplication:id/imageView3"]</msg>
<status status="PASS" starttime="20231031 00:19:32.124" endtime="20231031 00:19:32.891"/>
</kw>
<kw name="Wait Until Element Is Visible" library="AppiumLibrary">
<arg>${signInButton2}</arg>
<doc>Waits until element specified with `locator` is visible.</doc>
<msg timestamp="20231031 00:19:32.976" level="INFO">xpath criteria: //android.widget.Button[@resource-id="com.example.myapplication:id/signIn"]</msg>
<status status="PASS" starttime="20231031 00:19:32.891" endtime="20231031 00:19:32.976"/>
</kw>
<kw name="Wait Until Element Is Visible" library="AppiumLibrary">
<arg>${userNameField}</arg>
<doc>Waits until element specified with `locator` is visible.</doc>
<msg timestamp="20231031 00:19:33.052" level="INFO">xpath criteria: //android.widget.EditText[@resource-id="com.example.myapplication:id/username"]</msg>
<status status="PASS" starttime="20231031 00:19:32.976" endtime="20231031 00:19:33.052"/>
</kw>
<kw name="Wait Until Element Is Visible" library="AppiumLibrary">
<arg>${passwordField}</arg>
<doc>Waits until element specified with `locator` is visible.</doc>
<msg timestamp="20231031 00:19:33.140" level="INFO">xpath criteria: //android.widget.EditText[@resource-id="com.example.myapplication:id/password"]</msg>
<status status="PASS" starttime="20231031 00:19:33.052" endtime="20231031 00:19:33.140"/>
</kw>
<status status="PASS" starttime="20231031 00:19:32.124" endtime="20231031 00:19:33.140"/>
</kw>
<kw name="Input Valid User Name" library="signInPage">
<kw name="Input Text" library="AppiumLibrary">
<arg>${userNameField}</arg>
<arg>support@ngendigital.com</arg>
<doc>Types the given `text` into text field identified by `locator`.</doc>
<msg timestamp="20231031 00:19:33.142" level="INFO">Typing text 'support@ngendigital.com' into text field '//android.widget.EditText[@resource-id="com.example.myapplication:id/username"]'</msg>
<msg timestamp="20231031 00:19:33.260" level="INFO">xpath criteria: //android.widget.EditText[@resource-id="com.example.myapplication:id/username"]</msg>
<status status="PASS" starttime="20231031 00:19:33.140" endtime="20231031 00:19:33.260"/>
</kw>
<status status="PASS" starttime="20231031 00:19:33.140" endtime="20231031 00:19:33.260"/>
</kw>
<kw name="Input Valid Password" library="signInPage">
<kw name="Input Password" library="AppiumLibrary">
<arg>${passwordField}</arg>
<arg>abc123</arg>
<doc>Types the given password into text field identified by `locator`.</doc>
<msg timestamp="20231031 00:19:33.262" level="INFO">Typing password into text field '//android.widget.EditText[@resource-id="com.example.myapplication:id/password"]'</msg>
<msg timestamp="20231031 00:19:33.811" level="INFO">xpath criteria: //android.widget.EditText[@resource-id="com.example.myapplication:id/password"]</msg>
<status status="PASS" starttime="20231031 00:19:33.260" endtime="20231031 00:19:33.811"/>
</kw>
<status status="PASS" starttime="20231031 00:19:33.260" endtime="20231031 00:19:33.811"/>
</kw>
<kw name="Click Sign In Button" library="signInPage">
<kw name="Click Element" library="AppiumLibrary">
<arg>${signInButton2}</arg>
<doc>Click element identified by `locator`.</doc>
<msg timestamp="20231031 00:19:33.813" level="INFO">Clicking element '//android.widget.Button[@resource-id="com.example.myapplication:id/signIn"]'.</msg>
<msg timestamp="20231031 00:19:34.409" level="INFO">xpath criteria: //android.widget.Button[@resource-id="com.example.myapplication:id/signIn"]</msg>
<status status="PASS" starttime="20231031 00:19:33.811" endtime="20231031 00:19:34.409"/>
</kw>
<status status="PASS" starttime="20231031 00:19:33.811" endtime="20231031 00:19:34.409"/>
</kw>
<kw name="Verify Dashboard Page Appears" library="dashboardPage">
<kw name="Wait Until Element Is Visible" library="AppiumLibrary">
<arg>${userName}</arg>
<doc>Waits until element specified with `locator` is visible.</doc>
<msg timestamp="20231031 00:19:35.133" level="INFO">xpath criteria: //android.widget.TextView[@resource-id="com.example.myapplication:id/textView"]
xpath criteria: //android.widget.TextView[@resource-id="com.example.myapplication:id/textView"]</msg>
<status status="PASS" starttime="20231031 00:19:34.409" endtime="20231031 00:19:35.133"/>
</kw>
<kw name="Wait Until Element Is Visible" library="AppiumLibrary">
<arg>${signOutButton}</arg>
<doc>Waits until element specified with `locator` is visible.</doc>
<msg timestamp="20231031 00:19:35.201" level="INFO">xpath criteria: //android.widget.Button[@resource-id="com.example.myapplication:id/login"]</msg>
<status status="PASS" starttime="20231031 00:19:35.133" endtime="20231031 00:19:35.201"/>
</kw>
<kw name="Element Text Should Be" library="AppiumLibrary">
<arg>${signOutButton}</arg>
<arg>Sign Out</arg>
<doc>Verifies element identified by ``locator`` exactly contains text ``expected``.</doc>
<msg timestamp="20231031 00:19:35.203" level="INFO">Verifying element '//android.widget.Button[@resource-id="com.example.myapplication:id/login"]' contains exactly text 'Sign Out'.</msg>
<msg timestamp="20231031 00:19:35.276" level="INFO">xpath criteria: //android.widget.Button[@resource-id="com.example.myapplication:id/login"]</msg>
<status status="PASS" starttime="20231031 00:19:35.202" endtime="20231031 00:19:35.276"/>
</kw>
<status status="PASS" starttime="20231031 00:19:34.409" endtime="20231031 00:19:35.276"/>
</kw>
<status status="PASS" starttime="20231031 00:19:21.020" endtime="20231031 00:19:35.276"/>
</kw>
<kw name="Click Search Flight Number">
<kw name="Click Element" library="AppiumLibrary">
<arg>//android.widget.Button[@resource-id="com.example.myapplication:id/search_flight"]</arg>
<doc>Click element identified by `locator`.</doc>
<msg timestamp="20231031 00:19:35.279" level="INFO">Clicking element '//android.widget.Button[@resource-id="com.example.myapplication:id/search_flight"]'.</msg>
<msg timestamp="20231031 00:19:35.392" level="INFO">xpath criteria: //android.widget.Button[@resource-id="com.example.myapplication:id/search_flight"]</msg>
<status status="PASS" starttime="20231031 00:19:35.277" endtime="20231031 00:19:35.392"/>
</kw>
<status status="PASS" starttime="20231031 00:19:35.276" endtime="20231031 00:19:35.392"/>
</kw>
<kw name="Verify Search Page Appears" library="searchPage">
<kw name="Wait Until Element Is Visible" library="AppiumLibrary">
<arg>${flightNumberTitleField}</arg>
<doc>Waits until element specified with `locator` is visible.</doc>
<msg timestamp="20231031 00:19:36.375" level="INFO">xpath criteria: //android.widget.TextView[@resource-id="com.example.myapplication:id/enterFlight"]
xpath criteria: //android.widget.TextView[@resource-id="com.example.myapplication:id/enterFlight"]</msg>
<status status="PASS" starttime="20231031 00:19:35.394" endtime="20231031 00:19:36.375"/>
</kw>
<kw name="Wait Until Element Is Visible" library="AppiumLibrary">
<arg>${enterFlightNumberField}</arg>
<doc>Waits until element specified with `locator` is visible.</doc>
<msg timestamp="20231031 00:19:36.467" level="INFO">xpath criteria: //android.widget.EditText[@resource-id="com.example.myapplication:id/flight_number"]</msg>
<status status="PASS" starttime="20231031 00:19:36.375" endtime="20231031 00:19:36.467"/>
</kw>
<kw name="Wait Until Element Is Visible" library="AppiumLibrary">
<arg>${searchFlightButton2}</arg>
<doc>Waits until element specified with `locator` is visible.</doc>
<msg timestamp="20231031 00:19:36.548" level="INFO">xpath criteria: //android.widget.Button[@resource-id="com.example.myapplication:id/searchFlight"]</msg>
<status status="PASS" starttime="20231031 00:19:36.467" endtime="20231031 00:19:36.548"/>
</kw>
<status status="PASS" starttime="20231031 00:19:35.394" endtime="20231031 00:19:36.548"/>
</kw>
<kw name="Input Invalid Flight Number" library="searchPage">
<kw name="Input Text" library="AppiumLibrary">
<arg>${enterFlightNumberField}</arg>
<arg>DA123</arg>
<doc>Types the given `text` into text field identified by `locator`.</doc>
<msg timestamp="20231031 00:19:36.552" level="INFO">Typing text 'DA123' into text field '//android.widget.EditText[@resource-id="com.example.myapplication:id/flight_number"]'</msg>
<msg timestamp="20231031 00:19:36.645" level="INFO">xpath criteria: //android.widget.EditText[@resource-id="com.example.myapplication:id/flight_number"]</msg>
<status status="PASS" starttime="20231031 00:19:36.549" endtime="20231031 00:19:36.645"/>
</kw>
<status status="PASS" starttime="20231031 00:19:36.549" endtime="20231031 00:19:36.645"/>
</kw>
<kw name="Click Search Flight Number Button" library="searchPage">
<kw name="Click Element" library="AppiumLibrary">
<arg>${searchFlightButton2}</arg>
<doc>Click element identified by `locator`.</doc>
<msg timestamp="20231031 00:19:36.648" level="INFO">Clicking element '//android.widget.Button[@resource-id="com.example.myapplication:id/searchFlight"]'.</msg>
<msg timestamp="20231031 00:19:37.236" level="INFO">xpath criteria: //android.widget.Button[@resource-id="com.example.myapplication:id/searchFlight"]</msg>
<status status="PASS" starttime="20231031 00:19:36.647" endtime="20231031 00:19:37.236"/>
</kw>
<status status="PASS" starttime="20231031 00:19:36.646" endtime="20231031 00:19:37.237"/>
</kw>
<kw name="Close Application" library="AppiumLibrary">
<doc>Closes the current application and also close webdriver session.</doc>
<status status="PASS" starttime="20231031 00:19:37.239" endtime="20231031 00:19:37.848"/>
</kw>
<status status="PASS" starttime="20231031 00:19:21.019" endtime="20231031 00:19:37.850"/>
</test>
<test id="s1-t3" name="Verify Failed Search Flight Number - Empty Flight Number" line="29">
<kw name="Verify Login Successfully" library="searchPage">
<kw name="Open Flight Application" library="base">
<kw name="Open Application" library="AppiumLibrary">
<arg>http://127.0.0.1:4723/wd/hub</arg>
<arg>platformName=Android</arg>
<arg>deviceName=emulator-5554</arg>
<arg>platformVersion=12.0</arg>
<arg>automationName=UiAutomator2</arg>
<arg>appPackage=com.example.myapplication</arg>
<arg>appActivity=com.example.myapplication.MainActivity</arg>
<doc>Opens a new application to given Appium server.
Capabilities of appium server, Android and iOS,
Please check https://github.com/appium/appium/blob/master/docs/en/writing-running-appium/server-args.md
| *Option*            | *Man.* | *Description*     |
| remote_url          | Yes    | Appium server url |
| alias               | no     | alias             |
| strict_ssl          | No     | allows you to send commands to an invalid certificate host like a self-signed one. |</doc>
<status status="PASS" starttime="20231031 00:19:37.852" endtime="20231031 00:19:47.737"/>
</kw>
<status status="PASS" starttime="20231031 00:19:37.852" endtime="20231031 00:19:47.737"/>
</kw>
<kw name="Verify Homepage Appears" library="homePage">
<kw name="Wait Until Element Is Visible" library="AppiumLibrary">
<arg>${appLogo}</arg>
<doc>Waits until element specified with `locator` is visible.</doc>
<msg timestamp="20231031 00:19:48.709" level="INFO">xpath criteria: //android.widget.ImageView[@resource-id="com.example.myapplication:id/imageView4"]</msg>
<status status="PASS" starttime="20231031 00:19:47.737" endtime="20231031 00:19:48.709"/>
</kw>
<kw name="Wait Until Element Is Visible" library="AppiumLibrary">
<arg>${signInButton}</arg>
<doc>Waits until element specified with `locator` is visible.</doc>
<msg timestamp="20231031 00:19:48.805" level="INFO">xpath criteria: //android.widget.Button[@resource-id="com.example.myapplication:id/login"]</msg>
<status status="PASS" starttime="20231031 00:19:48.709" endtime="20231031 00:19:48.805"/>
</kw>
<kw name="Wait Until Element Is Visible" library="AppiumLibrary">
<arg>${searchButton}</arg>
<doc>Waits until element specified with `locator` is visible.</doc>
<msg timestamp="20231031 00:19:48.914" level="INFO">xpath criteria: //android.widget.Button[@resource-id="com.example.myapplication:id/button6" and @text="Search"]</msg>
<status status="PASS" starttime="20231031 00:19:48.805" endtime="20231031 00:19:48.914"/>
</kw>
<kw name="Wait Until Element Is Visible" library="AppiumLibrary">
<arg>${checkInButton}</arg>
<doc>Waits until element specified with `locator` is visible.</doc>
<msg timestamp="20231031 00:19:49.004" level="INFO">xpath criteria: //android.widget.Button[@resource-id="com.example.myapplication:id/button6" and @text="Check in"]</msg>
<status status="PASS" starttime="20231031 00:19:48.914" endtime="20231031 00:19:49.004"/>
</kw>
<status status="PASS" starttime="20231031 00:19:47.737" endtime="20231031 00:19:49.004"/>
</kw>
<kw name="Click Sign In on Homepage" library="homePage">
<kw name="Click Element" library="AppiumLibrary">
<arg>${signInButton}</arg>
<doc>Click element identified by `locator`.</doc>
<msg timestamp="20231031 00:19:49.006" level="INFO">Clicking element '//android.widget.Button[@resource-id="com.example.myapplication:id/login"]'.</msg>
<msg timestamp="20231031 00:19:49.122" level="INFO">xpath criteria: //android.widget.Button[@resource-id="com.example.myapplication:id/login"]</msg>
<status status="PASS" starttime="20231031 00:19:49.005" endtime="20231031 00:19:49.123"/>
</kw>
<status status="PASS" starttime="20231031 00:19:49.004" endtime="20231031 00:19:49.123"/>
</kw>
<kw name="Verify Sign In Page Appears" library="signInPage">
<kw name="Wait Until Element Is Visible" library="AppiumLibrary">
<arg>${appLogo2}</arg>
<doc>Waits until element specified with `locator` is visible.</doc>
<msg timestamp="20231031 00:19:49.930" level="INFO">xpath criteria: //android.widget.ImageView[@resource-id="com.example.myapplication:id/imageView3"]
xpath criteria: //android.widget.ImageView[@resource-id="com.example.myapplication:id/imageView3"]</msg>
<status status="PASS" starttime="20231031 00:19:49.123" endtime="20231031 00:19:49.931"/>
</kw>
<kw name="Wait Until Element Is Visible" library="AppiumLibrary">
<arg>${signInButton2}</arg>
<doc>Waits until element specified with `locator` is visible.</doc>
<msg timestamp="20231031 00:19:50.010" level="INFO">xpath criteria: //android.widget.Button[@resource-id="com.example.myapplication:id/signIn"]</msg>
<status status="PASS" starttime="20231031 00:19:49.931" endtime="20231031 00:19:50.010"/>
</kw>
<kw name="Wait Until Element Is Visible" library="AppiumLibrary">
<arg>${userNameField}</arg>
<doc>Waits until element specified with `locator` is visible.</doc>
<msg timestamp="20231031 00:19:50.092" level="INFO">xpath criteria: //android.widget.EditText[@resource-id="com.example.myapplication:id/username"]</msg>
<status status="PASS" starttime="20231031 00:19:50.010" endtime="20231031 00:19:50.092"/>
</kw>
<kw name="Wait Until Element Is Visible" library="AppiumLibrary">
<arg>${passwordField}</arg>
<doc>Waits until element specified with `locator` is visible.</doc>
<msg timestamp="20231031 00:19:50.181" level="INFO">xpath criteria: //android.widget.EditText[@resource-id="com.example.myapplication:id/password"]</msg>
<status status="PASS" starttime="20231031 00:19:50.093" endtime="20231031 00:19:50.181"/>
</kw>
<status status="PASS" starttime="20231031 00:19:49.123" endtime="20231031 00:19:50.181"/>
</kw>
<kw name="Input Valid User Name" library="signInPage">
<kw name="Input Text" library="AppiumLibrary">
<arg>${userNameField}</arg>
<arg>support@ngendigital.com</arg>
<doc>Types the given `text` into text field identified by `locator`.</doc>
<msg timestamp="20231031 00:19:50.183" level="INFO">Typing text 'support@ngendigital.com' into text field '//android.widget.EditText[@resource-id="com.example.myapplication:id/username"]'</msg>
<msg timestamp="20231031 00:19:50.296" level="INFO">xpath criteria: //android.widget.EditText[@resource-id="com.example.myapplication:id/username"]</msg>
<status status="PASS" starttime="20231031 00:19:50.181" endtime="20231031 00:19:50.296"/>
</kw>
<status status="PASS" starttime="20231031 00:19:50.181" endtime="20231031 00:19:50.296"/>
</kw>
<kw name="Input Valid Password" library="signInPage">
<kw name="Input Password" library="AppiumLibrary">
<arg>${passwordField}</arg>
<arg>abc123</arg>
<doc>Types the given password into text field identified by `locator`.</doc>
<msg timestamp="20231031 00:19:50.299" level="INFO">Typing password into text field '//android.widget.EditText[@resource-id="com.example.myapplication:id/password"]'</msg>
<msg timestamp="20231031 00:19:50.887" level="INFO">xpath criteria: //android.widget.EditText[@resource-id="com.example.myapplication:id/password"]</msg>
<status status="PASS" starttime="20231031 00:19:50.297" endtime="20231031 00:19:50.887"/>
</kw>
<status status="PASS" starttime="20231031 00:19:50.296" endtime="20231031 00:19:50.887"/>
</kw>
<kw name="Click Sign In Button" library="signInPage">
<kw name="Click Element" library="AppiumLibrary">
<arg>${signInButton2}</arg>
<doc>Click element identified by `locator`.</doc>
<msg timestamp="20231031 00:19:50.890" level="INFO">Clicking element '//android.widget.Button[@resource-id="com.example.myapplication:id/signIn"]'.</msg>
<msg timestamp="20231031 00:19:51.485" level="INFO">xpath criteria: //android.widget.Button[@resource-id="com.example.myapplication:id/signIn"]</msg>
<status status="PASS" starttime="20231031 00:19:50.887" endtime="20231031 00:19:51.485"/>
</kw>
<status status="PASS" starttime="20231031 00:19:50.887" endtime="20231031 00:19:51.485"/>
</kw>
<kw name="Verify Dashboard Page Appears" library="dashboardPage">
<kw name="Wait Until Element Is Visible" library="AppiumLibrary">
<arg>${userName}</arg>
<doc>Waits until element specified with `locator` is visible.</doc>
<msg timestamp="20231031 00:19:52.196" level="INFO">xpath criteria: //android.widget.TextView[@resource-id="com.example.myapplication:id/textView"]
xpath criteria: //android.widget.TextView[@resource-id="com.example.myapplication:id/textView"]</msg>
<status status="PASS" starttime="20231031 00:19:51.486" endtime="20231031 00:19:52.196"/>
</kw>
<kw name="Wait Until Element Is Visible" library="AppiumLibrary">
<arg>${signOutButton}</arg>
<doc>Waits until element specified with `locator` is visible.</doc>
<msg timestamp="20231031 00:19:52.267" level="INFO">xpath criteria: //android.widget.Button[@resource-id="com.example.myapplication:id/login"]</msg>
<status status="PASS" starttime="20231031 00:19:52.196" endtime="20231031 00:19:52.267"/>
</kw>
<kw name="Element Text Should Be" library="AppiumLibrary">
<arg>${signOutButton}</arg>
<arg>Sign Out</arg>
<doc>Verifies element identified by ``locator`` exactly contains text ``expected``.</doc>
<msg timestamp="20231031 00:19:52.269" level="INFO">Verifying element '//android.widget.Button[@resource-id="com.example.myapplication:id/login"]' contains exactly text 'Sign Out'.</msg>
<msg timestamp="20231031 00:19:52.350" level="INFO">xpath criteria: //android.widget.Button[@resource-id="com.example.myapplication:id/login"]</msg>
<status status="PASS" starttime="20231031 00:19:52.267" endtime="20231031 00:19:52.350"/>
</kw>
<status status="PASS" starttime="20231031 00:19:51.485" endtime="20231031 00:19:52.350"/>
</kw>
<status status="PASS" starttime="20231031 00:19:37.851" endtime="20231031 00:19:52.350"/>
</kw>
<kw name="Click Search Flight Number">
<kw name="Click Element" library="AppiumLibrary">
<arg>//android.widget.Button[@resource-id="com.example.myapplication:id/search_flight"]</arg>
<doc>Click element identified by `locator`.</doc>
<msg timestamp="20231031 00:19:52.353" level="INFO">Clicking element '//android.widget.Button[@resource-id="com.example.myapplication:id/search_flight"]'.</msg>
<msg timestamp="20231031 00:19:52.459" level="INFO">xpath criteria: //android.widget.Button[@resource-id="com.example.myapplication:id/search_flight"]</msg>
<status status="PASS" starttime="20231031 00:19:52.351" endtime="20231031 00:19:52.459"/>
</kw>
<status status="PASS" starttime="20231031 00:19:52.350" endtime="20231031 00:19:52.459"/>
</kw>
<kw name="Verify Search Page Appears" library="searchPage">
<kw name="Wait Until Element Is Visible" library="AppiumLibrary">
<arg>${flightNumberTitleField}</arg>
<doc>Waits until element specified with `locator` is visible.</doc>
<msg timestamp="20231031 00:19:53.449" level="INFO">xpath criteria: //android.widget.TextView[@resource-id="com.example.myapplication:id/enterFlight"]
xpath criteria: //android.widget.TextView[@resource-id="com.example.myapplication:id/enterFlight"]</msg>
<status status="PASS" starttime="20231031 00:19:52.460" endtime="20231031 00:19:53.449"/>
</kw>
<kw name="Wait Until Element Is Visible" library="AppiumLibrary">
<arg>${enterFlightNumberField}</arg>
<doc>Waits until element specified with `locator` is visible.</doc>
<msg timestamp="20231031 00:19:53.522" level="INFO">xpath criteria: //android.widget.EditText[@resource-id="com.example.myapplication:id/flight_number"]</msg>
<status status="PASS" starttime="20231031 00:19:53.449" endtime="20231031 00:19:53.522"/>
</kw>
<kw name="Wait Until Element Is Visible" library="AppiumLibrary">
<arg>${searchFlightButton2}</arg>
<doc>Waits until element specified with `locator` is visible.</doc>
<msg timestamp="20231031 00:19:53.594" level="INFO">xpath criteria: //android.widget.Button[@resource-id="com.example.myapplication:id/searchFlight"]</msg>
<status status="PASS" starttime="20231031 00:19:53.522" endtime="20231031 00:19:53.594"/>
</kw>
<status status="PASS" starttime="20231031 00:19:52.460" endtime="20231031 00:19:53.594"/>
</kw>
<kw name="Input Empty Flight Number" library="searchPage">
<kw name="Input Text" library="AppiumLibrary">
<arg>${enterFlightNumberField}</arg>
<arg>${EMPTY}</arg>
<doc>Types the given `text` into text field identified by `locator`.</doc>
<msg timestamp="20231031 00:19:53.597" level="INFO">Typing text '' into text field '//android.widget.EditText[@resource-id="com.example.myapplication:id/flight_number"]'</msg>
<msg timestamp="20231031 00:19:53.680" level="INFO">xpath criteria: //android.widget.EditText[@resource-id="com.example.myapplication:id/flight_number"]</msg>
<status status="PASS" starttime="20231031 00:19:53.595" endtime="20231031 00:19:53.680"/>
</kw>
<status status="PASS" starttime="20231031 00:19:53.594" endtime="20231031 00:19:53.681"/>
</kw>
<kw name="Click Search Flight Number Button" library="searchPage">
<kw name="Click Element" library="AppiumLibrary">
<arg>${searchFlightButton2}</arg>
<doc>Click element identified by `locator`.</doc>
<msg timestamp="20231031 00:19:53.683" level="INFO">Clicking element '//android.widget.Button[@resource-id="com.example.myapplication:id/searchFlight"]'.</msg>
<msg timestamp="20231031 00:19:54.274" level="INFO">xpath criteria: //android.widget.Button[@resource-id="com.example.myapplication:id/searchFlight"]</msg>
<status status="PASS" starttime="20231031 00:19:53.681" endtime="20231031 00:19:54.275"/>
</kw>
<status status="PASS" starttime="20231031 00:19:53.681" endtime="20231031 00:19:54.275"/>
</kw>
<kw name="Close Application" library="AppiumLibrary">
<doc>Closes the current application and also close webdriver session.</doc>
<status status="PASS" starttime="20231031 00:19:54.276" endtime="20231031 00:19:54.945"/>
</kw>
<status status="PASS" starttime="20231031 00:19:37.851" endtime="20231031 00:19:54.946"/>
</test>
<test id="s1-t4" name="Verify Failed Search Flight Number - Lowercase Flight Number" line="37">
<kw name="Verify Login Successfully" library="searchPage">
<kw name="Open Flight Application" library="base">
<kw name="Open Application" library="AppiumLibrary">
<arg>http://127.0.0.1:4723/wd/hub</arg>
<arg>platformName=Android</arg>
<arg>deviceName=emulator-5554</arg>
<arg>platformVersion=12.0</arg>
<arg>automationName=UiAutomator2</arg>
<arg>appPackage=com.example.myapplication</arg>
<arg>appActivity=com.example.myapplication.MainActivity</arg>
<doc>Opens a new application to given Appium server.
Capabilities of appium server, Android and iOS,
Please check https://github.com/appium/appium/blob/master/docs/en/writing-running-appium/server-args.md
| *Option*            | *Man.* | *Description*     |
| remote_url          | Yes    | Appium server url |
| alias               | no     | alias             |
| strict_ssl          | No     | allows you to send commands to an invalid certificate host like a self-signed one. |</doc>
<status status="PASS" starttime="20231031 00:19:54.948" endtime="20231031 00:20:04.558"/>
</kw>
<status status="PASS" starttime="20231031 00:19:54.948" endtime="20231031 00:20:04.558"/>
</kw>
<kw name="Verify Homepage Appears" library="homePage">
<kw name="Wait Until Element Is Visible" library="AppiumLibrary">
<arg>${appLogo}</arg>
<doc>Waits until element specified with `locator` is visible.</doc>
<msg timestamp="20231031 00:20:05.566" level="INFO">xpath criteria: //android.widget.ImageView[@resource-id="com.example.myapplication:id/imageView4"]</msg>
<status status="PASS" starttime="20231031 00:20:04.559" endtime="20231031 00:20:05.566"/>
</kw>
<kw name="Wait Until Element Is Visible" library="AppiumLibrary">
<arg>${signInButton}</arg>
<doc>Waits until element specified with `locator` is visible.</doc>
<msg timestamp="20231031 00:20:05.645" level="INFO">xpath criteria: //android.widget.Button[@resource-id="com.example.myapplication:id/login"]</msg>
<status status="PASS" starttime="20231031 00:20:05.566" endtime="20231031 00:20:05.645"/>
</kw>
<kw name="Wait Until Element Is Visible" library="AppiumLibrary">
<arg>${searchButton}</arg>
<doc>Waits until element specified with `locator` is visible.</doc>
<msg timestamp="20231031 00:20:05.726" level="INFO">xpath criteria: //android.widget.Button[@resource-id="com.example.myapplication:id/button6" and @text="Search"]</msg>
<status status="PASS" starttime="20231031 00:20:05.645" endtime="20231031 00:20:05.726"/>
</kw>
<kw name="Wait Until Element Is Visible" library="AppiumLibrary">
<arg>${checkInButton}</arg>
<doc>Waits until element specified with `locator` is visible.</doc>
<msg timestamp="20231031 00:20:05.828" level="INFO">xpath criteria: //android.widget.Button[@resource-id="com.example.myapplication:id/button6" and @text="Check in"]</msg>
<status status="PASS" starttime="20231031 00:20:05.726" endtime="20231031 00:20:05.828"/>
</kw>
<status status="PASS" starttime="20231031 00:20:04.558" endtime="20231031 00:20:05.828"/>
</kw>
<kw name="Click Sign In on Homepage" library="homePage">
<kw name="Click Element" library="AppiumLibrary">
<arg>${signInButton}</arg>
<doc>Click element identified by `locator`.</doc>
<msg timestamp="20231031 00:20:05.831" level="INFO">Clicking element '//android.widget.Button[@resource-id="com.example.myapplication:id/login"]'.</msg>
<msg timestamp="20231031 00:20:05.959" level="INFO">xpath criteria: //android.widget.Button[@resource-id="com.example.myapplication:id/login"]</msg>
<status status="PASS" starttime="20231031 00:20:05.829" endtime="20231031 00:20:05.959"/>
</kw>
<status status="PASS" starttime="20231031 00:20:05.829" endtime="20231031 00:20:05.960"/>
</kw>
<kw name="Verify Sign In Page Appears" library="signInPage">
<kw name="Wait Until Element Is Visible" library="AppiumLibrary">
<arg>${appLogo2}</arg>
<doc>Waits until element specified with `locator` is visible.</doc>
<msg timestamp="20231031 00:20:06.722" level="INFO">xpath criteria: //android.widget.ImageView[@resource-id="com.example.myapplication:id/imageView3"]
xpath criteria: //android.widget.ImageView[@resource-id="com.example.myapplication:id/imageView3"]</msg>
<status status="PASS" starttime="20231031 00:20:05.960" endtime="20231031 00:20:06.722"/>
</kw>
<kw name="Wait Until Element Is Visible" library="AppiumLibrary">
<arg>${signInButton2}</arg>
<doc>Waits until element specified with `locator` is visible.</doc>
<msg timestamp="20231031 00:20:06.813" level="INFO">xpath criteria: //android.widget.Button[@resource-id="com.example.myapplication:id/signIn"]</msg>
<status status="PASS" starttime="20231031 00:20:06.723" endtime="20231031 00:20:06.813"/>
</kw>
<kw name="Wait Until Element Is Visible" library="AppiumLibrary">
<arg>${userNameField}</arg>
<doc>Waits until element specified with `locator` is visible.</doc>
<msg timestamp="20231031 00:20:06.900" level="INFO">xpath criteria: //android.widget.EditText[@resource-id="com.example.myapplication:id/username"]</msg>
<status status="PASS" starttime="20231031 00:20:06.813" endtime="20231031 00:20:06.900"/>
</kw>
<kw name="Wait Until Element Is Visible" library="AppiumLibrary">
<arg>${passwordField}</arg>
<doc>Waits until element specified with `locator` is visible.</doc>
<msg timestamp="20231031 00:20:06.982" level="INFO">xpath criteria: //android.widget.EditText[@resource-id="com.example.myapplication:id/password"]</msg>
<status status="PASS" starttime="20231031 00:20:06.900" endtime="20231031 00:20:06.982"/>
</kw>
<status status="PASS" starttime="20231031 00:20:05.960" endtime="20231031 00:20:06.982"/>
</kw>
<kw name="Input Valid User Name" library="signInPage">
<kw name="Input Text" library="AppiumLibrary">
<arg>${userNameField}</arg>
<arg>support@ngendigital.com</arg>
<doc>Types the given `text` into text field identified by `locator`.</doc>
<msg timestamp="20231031 00:20:06.985" level="INFO">Typing text 'support@ngendigital.com' into text field '//android.widget.EditText[@resource-id="com.example.myapplication:id/username"]'</msg>
<msg timestamp="20231031 00:20:07.097" level="INFO">xpath criteria: //android.widget.EditText[@resource-id="com.example.myapplication:id/username"]</msg>
<status status="PASS" starttime="20231031 00:20:06.983" endtime="20231031 00:20:07.097"/>
</kw>
<status status="PASS" starttime="20231031 00:20:06.982" endtime="20231031 00:20:07.097"/>
</kw>
<kw name="Input Valid Password" library="signInPage">
<kw name="Input Password" library="AppiumLibrary">
<arg>${passwordField}</arg>
<arg>abc123</arg>
<doc>Types the given password into text field identified by `locator`.</doc>
<msg timestamp="20231031 00:20:07.100" level="INFO">Typing password into text field '//android.widget.EditText[@resource-id="com.example.myapplication:id/password"]'</msg>
<msg timestamp="20231031 00:20:07.657" level="INFO">xpath criteria: //android.widget.EditText[@resource-id="com.example.myapplication:id/password"]</msg>
<status status="PASS" starttime="20231031 00:20:07.098" endtime="20231031 00:20:07.657"/>
</kw>
<status status="PASS" starttime="20231031 00:20:07.097" endtime="20231031 00:20:07.657"/>
</kw>
<kw name="Click Sign In Button" library="signInPage">
<kw name="Click Element" library="AppiumLibrary">
<arg>${signInButton2}</arg>
<doc>Click element identified by `locator`.</doc>
<msg timestamp="20231031 00:20:07.660" level="INFO">Clicking element '//android.widget.Button[@resource-id="com.example.myapplication:id/signIn"]'.</msg>
<msg timestamp="20231031 00:20:08.196" level="INFO">xpath criteria: //android.widget.Button[@resource-id="com.example.myapplication:id/signIn"]</msg>
<status status="PASS" starttime="20231031 00:20:07.658" endtime="20231031 00:20:08.196"/>
</kw>
<status status="PASS" starttime="20231031 00:20:07.658" endtime="20231031 00:20:08.196"/>
</kw>
<kw name="Verify Dashboard Page Appears" library="dashboardPage">
<kw name="Wait Until Element Is Visible" library="AppiumLibrary">
<arg>${userName}</arg>
<doc>Waits until element specified with `locator` is visible.</doc>
<msg timestamp="20231031 00:20:08.901" level="INFO">xpath criteria: //android.widget.TextView[@resource-id="com.example.myapplication:id/textView"]
xpath criteria: //android.widget.TextView[@resource-id="com.example.myapplication:id/textView"]</msg>
<status status="PASS" starttime="20231031 00:20:08.197" endtime="20231031 00:20:08.901"/>
</kw>
<kw name="Wait Until Element Is Visible" library="AppiumLibrary">
<arg>${signOutButton}</arg>
<doc>Waits until element specified with `locator` is visible.</doc>
<msg timestamp="20231031 00:20:08.986" level="INFO">xpath criteria: //android.widget.Button[@resource-id="com.example.myapplication:id/login"]</msg>
<status status="PASS" starttime="20231031 00:20:08.901" endtime="20231031 00:20:08.986"/>
</kw>
<kw name="Element Text Should Be" library="AppiumLibrary">
<arg>${signOutButton}</arg>
<arg>Sign Out</arg>
<doc>Verifies element identified by ``locator`` exactly contains text ``expected``.</doc>
<msg timestamp="20231031 00:20:08.988" level="INFO">Verifying element '//android.widget.Button[@resource-id="com.example.myapplication:id/login"]' contains exactly text 'Sign Out'.</msg>
<msg timestamp="20231031 00:20:09.075" level="INFO">xpath criteria: //android.widget.Button[@resource-id="com.example.myapplication:id/login"]</msg>
<status status="PASS" starttime="20231031 00:20:08.986" endtime="20231031 00:20:09.076"/>
</kw>
<status status="PASS" starttime="20231031 00:20:08.196" endtime="20231031 00:20:09.076"/>
</kw>
<status status="PASS" starttime="20231031 00:19:54.948" endtime="20231031 00:20:09.076"/>
</kw>
<kw name="Click Search Flight Number">
<kw name="Click Element" library="AppiumLibrary">
<arg>//android.widget.Button[@resource-id="com.example.myapplication:id/search_flight"]</arg>
<doc>Click element identified by `locator`.</doc>
<msg timestamp="20231031 00:20:09.078" level="INFO">Clicking element '//android.widget.Button[@resource-id="com.example.myapplication:id/search_flight"]'.</msg>
<msg timestamp="20231031 00:20:09.190" level="INFO">xpath criteria: //android.widget.Button[@resource-id="com.example.myapplication:id/search_flight"]</msg>
<status status="PASS" starttime="20231031 00:20:09.076" endtime="20231031 00:20:09.190"/>
</kw>
<status status="PASS" starttime="20231031 00:20:09.076" endtime="20231031 00:20:09.190"/>
</kw>
<kw name="Verify Search Page Appears" library="searchPage">
<kw name="Wait Until Element Is Visible" library="AppiumLibrary">
<arg>${flightNumberTitleField}</arg>
<doc>Waits until element specified with `locator` is visible.</doc>
<msg timestamp="20231031 00:20:10.156" level="INFO">xpath criteria: //android.widget.TextView[@resource-id="com.example.myapplication:id/enterFlight"]
xpath criteria: //android.widget.TextView[@resource-id="com.example.myapplication:id/enterFlight"]</msg>
<status status="PASS" starttime="20231031 00:20:09.191" endtime="20231031 00:20:10.157"/>
</kw>
<kw name="Wait Until Element Is Visible" library="AppiumLibrary">
<arg>${enterFlightNumberField}</arg>
<doc>Waits until element specified with `locator` is visible.</doc>
<msg timestamp="20231031 00:20:10.237" level="INFO">xpath criteria: //android.widget.EditText[@resource-id="com.example.myapplication:id/flight_number"]</msg>
<status status="PASS" starttime="20231031 00:20:10.157" endtime="20231031 00:20:10.237"/>
</kw>
<kw name="Wait Until Element Is Visible" library="AppiumLibrary">
<arg>${searchFlightButton2}</arg>
<doc>Waits until element specified with `locator` is visible.</doc>
<msg timestamp="20231031 00:20:10.320" level="INFO">xpath criteria: //android.widget.Button[@resource-id="com.example.myapplication:id/searchFlight"]</msg>
<status status="PASS" starttime="20231031 00:20:10.237" endtime="20231031 00:20:10.320"/>
</kw>
<status status="PASS" starttime="20231031 00:20:09.191" endtime="20231031 00:20:10.320"/>
</kw>
<kw name="Input Valid Flight Number - Lowercase" library="searchPage">
<kw name="Input Text" library="AppiumLibrary">
<arg>${enterFlightNumberField}</arg>
<arg>da935</arg>
<doc>Types the given `text` into text field identified by `locator`.</doc>
<msg timestamp="20231031 00:20:10.322" level="INFO">Typing text 'da935' into text field '//android.widget.EditText[@resource-id="com.example.myapplication:id/flight_number"]'</msg>
<msg timestamp="20231031 00:20:10.429" level="INFO">xpath criteria: //android.widget.EditText[@resource-id="com.example.myapplication:id/flight_number"]</msg>
<status status="PASS" starttime="20231031 00:20:10.320" endtime="20231031 00:20:10.429"/>
</kw>
<status status="PASS" starttime="20231031 00:20:10.320" endtime="20231031 00:20:10.429"/>
</kw>
<kw name="Click Search Flight Number Button" library="searchPage">
<kw name="Click Element" library="AppiumLibrary">
<arg>${searchFlightButton2}</arg>
<doc>Click element identified by `locator`.</doc>
<msg timestamp="20231031 00:20:10.433" level="INFO">Clicking element '//android.widget.Button[@resource-id="com.example.myapplication:id/searchFlight"]'.</msg>
<msg timestamp="20231031 00:20:11.024" level="INFO">xpath criteria: //android.widget.Button[@resource-id="com.example.myapplication:id/searchFlight"]</msg>
<status status="PASS" starttime="20231031 00:20:10.431" endtime="20231031 00:20:11.025"/>
</kw>
<status status="PASS" starttime="20231031 00:20:10.430" endtime="20231031 00:20:11.025"/>
</kw>
<kw name="Close Application" library="AppiumLibrary">
<doc>Closes the current application and also close webdriver session.</doc>
<status status="PASS" starttime="20231031 00:20:11.026" endtime="20231031 00:20:11.623"/>
</kw>
<status status="PASS" starttime="20231031 00:19:54.947" endtime="20231031 00:20:11.623"/>
</test>
<test id="s1-t5" name="Verify Failed Search Flight Number - Combination of Lowercase &amp; Uppercase Flight Number" line="45">
<kw name="Verify Login Successfully" library="searchPage">
<kw name="Open Flight Application" library="base">
<kw name="Open Application" library="AppiumLibrary">
<arg>http://127.0.0.1:4723/wd/hub</arg>
<arg>platformName=Android</arg>
<arg>deviceName=emulator-5554</arg>
<arg>platformVersion=12.0</arg>
<arg>automationName=UiAutomator2</arg>
<arg>appPackage=com.example.myapplication</arg>
<arg>appActivity=com.example.myapplication.MainActivity</arg>
<doc>Opens a new application to given Appium server.
Capabilities of appium server, Android and iOS,
Please check https://github.com/appium/appium/blob/master/docs/en/writing-running-appium/server-args.md
| *Option*            | *Man.* | *Description*     |
| remote_url          | Yes    | Appium server url |
| alias               | no     | alias             |
| strict_ssl          | No     | allows you to send commands to an invalid certificate host like a self-signed one. |</doc>
<status status="PASS" starttime="20231031 00:20:11.625" endtime="20231031 00:20:18.626"/>
</kw>
<status status="PASS" starttime="20231031 00:20:11.625" endtime="20231031 00:20:18.627"/>
</kw>
<kw name="Verify Homepage Appears" library="homePage">
<kw name="Wait Until Element Is Visible" library="AppiumLibrary">
<arg>${appLogo}</arg>
<doc>Waits until element specified with `locator` is visible.</doc>
<msg timestamp="20231031 00:20:19.618" level="INFO">xpath criteria: //android.widget.ImageView[@resource-id="com.example.myapplication:id/imageView4"]</msg>
<status status="PASS" starttime="20231031 00:20:18.627" endtime="20231031 00:20:19.618"/>
</kw>
<kw name="Wait Until Element Is Visible" library="AppiumLibrary">
<arg>${signInButton}</arg>
<doc>Waits until element specified with `locator` is visible.</doc>
<msg timestamp="20231031 00:20:19.704" level="INFO">xpath criteria: //android.widget.Button[@resource-id="com.example.myapplication:id/login"]</msg>
<status status="PASS" starttime="20231031 00:20:19.619" endtime="20231031 00:20:19.704"/>
</kw>
<kw name="Wait Until Element Is Visible" library="AppiumLibrary">
<arg>${searchButton}</arg>
<doc>Waits until element specified with `locator` is visible.</doc>
<msg timestamp="20231031 00:20:19.794" level="INFO">xpath criteria: //android.widget.Button[@resource-id="com.example.myapplication:id/button6" and @text="Search"]</msg>
<status status="PASS" starttime="20231031 00:20:19.704" endtime="20231031 00:20:19.794"/>
</kw>
<kw name="Wait Until Element Is Visible" library="AppiumLibrary">
<arg>${checkInButton}</arg>
<doc>Waits until element specified with `locator` is visible.</doc>
<msg timestamp="20231031 00:20:19.872" level="INFO">xpath criteria: //android.widget.Button[@resource-id="com.example.myapplication:id/button6" and @text="Check in"]</msg>
<status status="PASS" starttime="20231031 00:20:19.794" endtime="20231031 00:20:19.872"/>
</kw>
<status status="PASS" starttime="20231031 00:20:18.627" endtime="20231031 00:20:19.872"/>
</kw>
<kw name="Click Sign In on Homepage" library="homePage">
<kw name="Click Element" library="AppiumLibrary">
<arg>${signInButton}</arg>
<doc>Click element identified by `locator`.</doc>
<msg timestamp="20231031 00:20:19.874" level="INFO">Clicking element '//android.widget.Button[@resource-id="com.example.myapplication:id/login"]'.</msg>
<msg timestamp="20231031 00:20:20.006" level="INFO">xpath criteria: //android.widget.Button[@resource-id="com.example.myapplication:id/login"]</msg>
<status status="PASS" starttime="20231031 00:20:19.872" endtime="20231031 00:20:20.006"/>
</kw>
<status status="PASS" starttime="20231031 00:20:19.872" endtime="20231031 00:20:20.006"/>
</kw>
<kw name="Verify Sign In Page Appears" library="signInPage">
<kw name="Wait Until Element Is Visible" library="AppiumLibrary">
<arg>${appLogo2}</arg>
<doc>Waits until element specified with `locator` is visible.</doc>
<msg timestamp="20231031 00:20:20.758" level="INFO">xpath criteria: //android.widget.ImageView[@resource-id="com.example.myapplication:id/imageView3"]
xpath criteria: //android.widget.ImageView[@resource-id="com.example.myapplication:id/imageView3"]</msg>
<status status="PASS" starttime="20231031 00:20:20.007" endtime="20231031 00:20:20.758"/>
</kw>
<kw name="Wait Until Element Is Visible" library="AppiumLibrary">
<arg>${signInButton2}</arg>
<doc>Waits until element specified with `locator` is visible.</doc>
<msg timestamp="20231031 00:20:20.838" level="INFO">xpath criteria: //android.widget.Button[@resource-id="com.example.myapplication:id/signIn"]</msg>
<status status="PASS" starttime="20231031 00:20:20.758" endtime="20231031 00:20:20.838"/>
</kw>
<kw name="Wait Until Element Is Visible" library="AppiumLibrary">
<arg>${userNameField}</arg>
<doc>Waits until element specified with `locator` is visible.</doc>
<msg timestamp="20231031 00:20:20.923" level="INFO">xpath criteria: //android.widget.EditText[@resource-id="com.example.myapplication:id/username"]</msg>
<status status="PASS" starttime="20231031 00:20:20.838" endtime="20231031 00:20:20.923"/>
</kw>
<kw name="Wait Until Element Is Visible" library="AppiumLibrary">
<arg>${passwordField}</arg>
<doc>Waits until element specified with `locator` is visible.</doc>
<msg timestamp="20231031 00:20:20.996" level="INFO">xpath criteria: //android.widget.EditText[@resource-id="com.example.myapplication:id/password"]</msg>
<status status="PASS" starttime="20231031 00:20:20.923" endtime="20231031 00:20:20.996"/>
</kw>
<status status="PASS" starttime="20231031 00:20:20.006" endtime="20231031 00:20:20.996"/>
</kw>
<kw name="Input Valid User Name" library="signInPage">
<kw name="Input Text" library="AppiumLibrary">
<arg>${userNameField}</arg>
<arg>support@ngendigital.com</arg>
<doc>Types the given `text` into text field identified by `locator`.</doc>
<msg timestamp="20231031 00:20:20.998" level="INFO">Typing text 'support@ngendigital.com' into text field '//android.widget.EditText[@resource-id="com.example.myapplication:id/username"]'</msg>
<msg timestamp="20231031 00:20:21.086" level="INFO">xpath criteria: //android.widget.EditText[@resource-id="com.example.myapplication:id/username"]</msg>
<status status="PASS" starttime="20231031 00:20:20.996" endtime="20231031 00:20:21.086"/>
</kw>
<status status="PASS" starttime="20231031 00:20:20.996" endtime="20231031 00:20:21.086"/>
</kw>
<kw name="Input Valid Password" library="signInPage">
<kw name="Input Password" library="AppiumLibrary">
<arg>${passwordField}</arg>
<arg>abc123</arg>
<doc>Types the given password into text field identified by `locator`.</doc>
<msg timestamp="20231031 00:20:21.089" level="INFO">Typing password into text field '//android.widget.EditText[@resource-id="com.example.myapplication:id/password"]'</msg>
<msg timestamp="20231031 00:20:21.597" level="INFO">xpath criteria: //android.widget.EditText[@resource-id="com.example.myapplication:id/password"]</msg>
<status status="PASS" starttime="20231031 00:20:21.087" endtime="20231031 00:20:21.597"/>
</kw>
<status status="PASS" starttime="20231031 00:20:21.086" endtime="20231031 00:20:21.597"/>
</kw>
<kw name="Click Sign In Button" library="signInPage">
<kw name="Click Element" library="AppiumLibrary">
<arg>${signInButton2}</arg>
<doc>Click element identified by `locator`.</doc>
<msg timestamp="20231031 00:20:21.600" level="INFO">Clicking element '//android.widget.Button[@resource-id="com.example.myapplication:id/signIn"]'.</msg>
<msg timestamp="20231031 00:20:22.199" level="INFO">xpath criteria: //android.widget.Button[@resource-id="com.example.myapplication:id/signIn"]</msg>
<status status="PASS" starttime="20231031 00:20:21.598" endtime="20231031 00:20:22.199"/>
</kw>
<status status="PASS" starttime="20231031 00:20:21.598" endtime="20231031 00:20:22.199"/>
</kw>
<kw name="Verify Dashboard Page Appears" library="dashboardPage">
<kw name="Wait Until Element Is Visible" library="AppiumLibrary">
<arg>${userName}</arg>
<doc>Waits until element specified with `locator` is visible.</doc>
<msg timestamp="20231031 00:20:22.910" level="INFO">xpath criteria: //android.widget.TextView[@resource-id="com.example.myapplication:id/textView"]
xpath criteria: //android.widget.TextView[@resource-id="com.example.myapplication:id/textView"]</msg>
<status status="PASS" starttime="20231031 00:20:22.200" endtime="20231031 00:20:22.911"/>
</kw>
<kw name="Wait Until Element Is Visible" library="AppiumLibrary">
<arg>${signOutButton}</arg>
<doc>Waits until element specified with `locator` is visible.</doc>
<msg timestamp="20231031 00:20:22.994" level="INFO">xpath criteria: //android.widget.Button[@resource-id="com.example.myapplication:id/login"]</msg>
<status status="PASS" starttime="20231031 00:20:22.911" endtime="20231031 00:20:22.994"/>
</kw>
<kw name="Element Text Should Be" library="AppiumLibrary">
<arg>${signOutButton}</arg>
<arg>Sign Out</arg>
<doc>Verifies element identified by ``locator`` exactly contains text ``expected``.</doc>
<msg timestamp="20231031 00:20:22.996" level="INFO">Verifying element '//android.widget.Button[@resource-id="com.example.myapplication:id/login"]' contains exactly text 'Sign Out'.</msg>
<msg timestamp="20231031 00:20:23.077" level="INFO">xpath criteria: //android.widget.Button[@resource-id="com.example.myapplication:id/login"]</msg>
<status status="PASS" starttime="20231031 00:20:22.994" endtime="20231031 00:20:23.078"/>
</kw>
<status status="PASS" starttime="20231031 00:20:22.199" endtime="20231031 00:20:23.078"/>
</kw>
<status status="PASS" starttime="20231031 00:20:11.625" endtime="20231031 00:20:23.078"/>
</kw>
<kw name="Click Search Flight Number">
<kw name="Click Element" library="AppiumLibrary">
<arg>//android.widget.Button[@resource-id="com.example.myapplication:id/search_flight"]</arg>
<doc>Click element identified by `locator`.</doc>
<msg timestamp="20231031 00:20:23.080" level="INFO">Clicking element '//android.widget.Button[@resource-id="com.example.myapplication:id/search_flight"]'.</msg>
<msg timestamp="20231031 00:20:23.207" level="INFO">xpath criteria: //android.widget.Button[@resource-id="com.example.myapplication:id/search_flight"]</msg>
<status status="PASS" starttime="20231031 00:20:23.079" endtime="20231031 00:20:23.207"/>
</kw>
<status status="PASS" starttime="20231031 00:20:23.078" endtime="20231031 00:20:23.207"/>
</kw>
<kw name="Verify Search Page Appears" library="searchPage">
<kw name="Wait Until Element Is Visible" library="AppiumLibrary">
<arg>${flightNumberTitleField}</arg>
<doc>Waits until element specified with `locator` is visible.</doc>
<msg timestamp="20231031 00:20:24.122" level="INFO">xpath criteria: //android.widget.TextView[@resource-id="com.example.myapplication:id/enterFlight"]
xpath criteria: //android.widget.TextView[@resource-id="com.example.myapplication:id/enterFlight"]</msg>
<status status="PASS" starttime="20231031 00:20:23.209" endtime="20231031 00:20:24.122"/>
</kw>
<kw name="Wait Until Element Is Visible" library="AppiumLibrary">
<arg>${enterFlightNumberField}</arg>
<doc>Waits until element specified with `locator` is visible.</doc>
<msg timestamp="20231031 00:20:24.196" level="INFO">xpath criteria: //android.widget.EditText[@resource-id="com.example.myapplication:id/flight_number"]</msg>
<status status="PASS" starttime="20231031 00:20:24.122" endtime="20231031 00:20:24.196"/>
</kw>
<kw name="Wait Until Element Is Visible" library="AppiumLibrary">
<arg>${searchFlightButton2}</arg>
<doc>Waits until element specified with `locator` is visible.</doc>
<msg timestamp="20231031 00:20:24.270" level="INFO">xpath criteria: //android.widget.Button[@resource-id="com.example.myapplication:id/searchFlight"]</msg>
<status status="PASS" starttime="20231031 00:20:24.197" endtime="20231031 00:20:24.270"/>
</kw>
<status status="PASS" starttime="20231031 00:20:23.209" endtime="20231031 00:20:24.270"/>
</kw>
<kw name="Input Valid Flight Number - Lowercase and Uppercase Combination" library="searchPage">
<kw name="Input Text" library="AppiumLibrary">
<arg>${enterFlightNumberField}</arg>
<arg>dA935</arg>
<doc>Types the given `text` into text field identified by `locator`.</doc>
<msg timestamp="20231031 00:20:24.272" level="INFO">Typing text 'dA935' into text field '//android.widget.EditText[@resource-id="com.example.myapplication:id/flight_number"]'</msg>
<msg timestamp="20231031 00:20:24.389" level="INFO">xpath criteria: //android.widget.EditText[@resource-id="com.example.myapplication:id/flight_number"]</msg>
<status status="PASS" starttime="20231031 00:20:24.271" endtime="20231031 00:20:24.389"/>
</kw>
<status status="PASS" starttime="20231031 00:20:24.270" endtime="20231031 00:20:24.389"/>
</kw>
<kw name="Click Search Flight Number Button" library="searchPage">
<kw name="Click Element" library="AppiumLibrary">
<arg>${searchFlightButton2}</arg>
<doc>Click element identified by `locator`.</doc>
<msg timestamp="20231031 00:20:24.391" level="INFO">Clicking element '//android.widget.Button[@resource-id="com.example.myapplication:id/searchFlight"]'.</msg>
<msg timestamp="20231031 00:20:24.960" level="INFO">xpath criteria: //android.widget.Button[@resource-id="com.example.myapplication:id/searchFlight"]</msg>
<status status="PASS" starttime="20231031 00:20:24.390" endtime="20231031 00:20:24.960"/>
</kw>
<status status="PASS" starttime="20231031 00:20:24.389" endtime="20231031 00:20:24.960"/>
</kw>
<kw name="Close Application" library="AppiumLibrary">
<doc>Closes the current application and also close webdriver session.</doc>
<status status="PASS" starttime="20231031 00:20:24.961" endtime="20231031 00:20:25.585"/>
</kw>
<status status="PASS" starttime="20231031 00:20:11.624" endtime="20231031 00:20:25.586"/>
</test>
<test id="s1-t6" name="Verify Search Flight Number When User Not Logged In" line="53">
<kw name="Open Flight Application" library="base">
<kw name="Open Application" library="AppiumLibrary">
<arg>http://127.0.0.1:4723/wd/hub</arg>
<arg>platformName=Android</arg>
<arg>deviceName=emulator-5554</arg>
<arg>platformVersion=12.0</arg>
<arg>automationName=UiAutomator2</arg>
<arg>appPackage=com.example.myapplication</arg>
<arg>appActivity=com.example.myapplication.MainActivity</arg>
<doc>Opens a new application to given Appium server.
Capabilities of appium server, Android and iOS,
Please check https://github.com/appium/appium/blob/master/docs/en/writing-running-appium/server-args.md
| *Option*            | *Man.* | *Description*     |
| remote_url          | Yes    | Appium server url |
| alias               | no     | alias             |
| strict_ssl          | No     | allows you to send commands to an invalid certificate host like a self-signed one. |</doc>
<status status="PASS" starttime="20231031 00:20:25.587" endtime="20231031 00:20:36.383"/>
</kw>
<status status="PASS" starttime="20231031 00:20:25.587" endtime="20231031 00:20:36.383"/>
</kw>
<kw name="Verify Homepage Appears" library="homePage">
<kw name="Wait Until Element Is Visible" library="AppiumLibrary">
<arg>${appLogo}</arg>
<doc>Waits until element specified with `locator` is visible.</doc>
<msg timestamp="20231031 00:20:37.347" level="INFO">xpath criteria: //android.widget.ImageView[@resource-id="com.example.myapplication:id/imageView4"]</msg>
<status status="PASS" starttime="20231031 00:20:36.384" endtime="20231031 00:20:37.347"/>
</kw>
<kw name="Wait Until Element Is Visible" library="AppiumLibrary">
<arg>${signInButton}</arg>
<doc>Waits until element specified with `locator` is visible.</doc>
<msg timestamp="20231031 00:20:37.875" level="INFO">xpath criteria: //android.widget.Button[@resource-id="com.example.myapplication:id/login"]</msg>
<status status="PASS" starttime="20231031 00:20:37.347" endtime="20231031 00:20:37.875"/>
</kw>
<kw name="Wait Until Element Is Visible" library="AppiumLibrary">
<arg>${searchButton}</arg>
<doc>Waits until element specified with `locator` is visible.</doc>
<msg timestamp="20231031 00:20:37.975" level="INFO">xpath criteria: //android.widget.Button[@resource-id="com.example.myapplication:id/button6" and @text="Search"]</msg>
<status status="PASS" starttime="20231031 00:20:37.875" endtime="20231031 00:20:37.975"/>
</kw>
<kw name="Wait Until Element Is Visible" library="AppiumLibrary">
<arg>${checkInButton}</arg>
<doc>Waits until element specified with `locator` is visible.</doc>
<msg timestamp="20231031 00:20:38.061" level="INFO">xpath criteria: //android.widget.Button[@resource-id="com.example.myapplication:id/button6" and @text="Check in"]</msg>
<status status="PASS" starttime="20231031 00:20:37.975" endtime="20231031 00:20:38.061"/>
</kw>
<status status="PASS" starttime="20231031 00:20:36.384" endtime="20231031 00:20:38.062"/>
</kw>
<kw name="Close Application" library="AppiumLibrary">
<doc>Closes the current application and also close webdriver session.</doc>
<status status="PASS" starttime="20231031 00:20:38.062" endtime="20231031 00:20:38.509"/>
</kw>
<status status="PASS" starttime="20231031 00:20:25.587" endtime="20231031 00:20:38.509"/>
</test>
<status status="PASS" starttime="20231031 00:19:02.708" endtime="20231031 00:20:38.511"/>
</suite>
<statistics>
<total>
<stat pass="6" fail="0" skip="0">All Tests</stat>
</total>
<tag>
</tag>
<suite>
<stat pass="6" fail="0" skip="0" id="s1" name="searchFlightNumber">searchFlightNumber</stat>
</suite>
</statistics>
<errors>
</errors>
</robot>
